<?xml version="1.0" encoding="UTF-8"?>
<!-- Generated by org.testng.reporters.JUnitReportReporter -->
<testsuite hostname="LAPTOP-RELTTIAD" failures="0" tests="1" name="com.example.Test2" time="0.015" errors="0" timestamp="2024-07-27T01:49:20 MSK" skipped="0">
  <testcase classname="com.example.Test2" name="AuthPassiveModeTest" time="0.015"/>
</testsuite> <!-- com.example.Test2 -->
