<?xml version="1.0" encoding="UTF-8"?>
<!-- Generated by org.testng.reporters.JUnitReportReporter -->
<testsuite hostname="LAPTOP-RELTTIAD" failures="0" tests="1" name="com.example.Test4" time="0.007" errors="0" timestamp="2024-07-27T01:49:20 MSK" skipped="0">
  <testcase classname="com.example.Test4" name="GetStudentInfoTest" time="0.007"/>
</testsuite> <!-- com.example.Test4 -->
